2024-11-28 21:52:51,172 - INFO - CSS loaded from src/css_pages/analyse_user.css
2024-11-28 21:52:51,174 - INFO - CSS loaded from src/css_pages/recipe.css
2024-11-28 21:52:51,174 - INFO - CSS loaded from src/css_pages/analyse_user.css
2024-11-28 21:52:51,175 - INFO - CSS loaded from src/css_pages/recipe.css
2024-11-28 21:52:52,984 - INFO - Date range set from 1999-01-01 00:00:00 to 2018-12-31 00:00:00
2024-11-29 10:35:00,134 - INFO - CSS loaded from src/css_pages/analyse_user.css
2024-11-29 10:35:00,136 - INFO - CSS loaded from src/css_pages/recipe.css
2024-11-29 10:35:00,136 - INFO - CSS loaded from src/css_pages/analyse_user.css
2024-11-29 10:35:00,136 - INFO - CSS loaded from src/css_pages/recipe.css
2024-11-29 10:35:01,817 - INFO - Date range set from 1999-01-01 00:00:00 to 2018-12-31 00:00:00
2024-11-29 10:37:28,724 - INFO - CSS loaded from src/css_pages/analyse_user.css
2024-11-29 10:37:28,724 - INFO - CSS loaded from src/css_pages/recipe.css
2024-11-29 10:37:28,725 - INFO - CSS loaded from src/css_pages/analyse_user.css
2024-11-29 10:37:28,726 - INFO - CSS loaded from src/css_pages/recipe.css
2024-11-29 10:37:30,475 - INFO - Date range set from 1999-01-01 00:00:00 to 2018-12-31 00:00:00
2024-11-29 11:24:53,415 - INFO - CSS loaded from src/css_pages/analyse_user.css
2024-11-29 11:24:53,417 - INFO - CSS loaded from src/css_pages/recipe.css
2024-11-29 11:24:53,418 - INFO - CSS loaded from src/css_pages/analyse_user.css
2024-11-29 11:24:53,418 - INFO - CSS loaded from src/css_pages/recipe.css
2024-11-29 11:24:55,204 - INFO - Date range set from 1999-01-01 00:00:00 to 2018-12-31 00:00:00
2024-11-29 11:25:23,056 - INFO - CSS loaded from src/css_pages/analyse_user.css
2024-11-29 11:25:23,056 - INFO - CSS loaded from src/css_pages/recipe.css
2024-11-29 11:25:23,057 - INFO - CSS loaded from src/css_pages/analyse_user.css
2024-11-29 11:25:23,057 - INFO - CSS loaded from src/css_pages/recipe.css
2024-11-29 11:25:24,885 - INFO - Date range set from 1999-01-01 00:00:00 to 2018-12-31 00:00:00
2024-11-29 12:07:56,156 - INFO - CSS loaded from src/css_pages/analyse_user.css
2024-11-29 12:07:56,157 - INFO - CSS loaded from src/css_pages/recipe.css
2024-11-29 12:07:56,158 - INFO - CSS loaded from src/css_pages/analyse_user.css
2024-11-29 12:07:56,158 - INFO - CSS loaded from src/css_pages/recipe.css
2024-11-29 12:07:57,883 - INFO - Date range set from 1999-01-01 00:00:00 to 2018-12-31 00:00:00
2024-11-29 12:22:42,042 - INFO - CSS loaded from src/css_pages/analyse_user.css
2024-11-29 12:22:42,046 - INFO - CSS loaded from src/css_pages/recipe.css
2024-11-29 12:22:42,046 - INFO - CSS loaded from src/css_pages/analyse_user.css
2024-11-29 12:22:42,047 - INFO - CSS loaded from src/css_pages/recipe.css
2024-11-29 12:22:43,847 - INFO - Date range set from 1999-01-01 00:00:00 to 2018-12-31 00:00:00
2024-11-29 12:23:08,810 - INFO - CSS loaded from src/css_pages/analyse_user.css
2024-11-29 12:23:08,810 - INFO - CSS loaded from src/css_pages/recipe.css
2024-11-29 12:23:08,811 - INFO - CSS loaded from src/css_pages/analyse_user.css
2024-11-29 12:23:08,811 - INFO - CSS loaded from src/css_pages/recipe.css
2024-11-29 12:23:10,583 - INFO - Date range set from 1999-01-01 00:00:00 to 2018-12-31 00:00:00
2024-11-29 12:23:40,170 - INFO - CSS loaded from src/css_pages/analyse_user.css
2024-11-29 12:23:40,171 - INFO - CSS loaded from src/css_pages/recipe.css
2024-11-29 12:23:40,171 - INFO - CSS loaded from src/css_pages/analyse_user.css
2024-11-29 12:23:40,171 - INFO - CSS loaded from src/css_pages/recipe.css
2024-11-29 12:23:42,094 - INFO - Date range set from 1999-01-01 00:00:00 to 2018-12-31 00:00:00
2024-11-29 12:24:08,656 - INFO - CSS loaded from src/css_pages/analyse_user.css
2024-11-29 12:24:08,656 - INFO - CSS loaded from src/css_pages/recipe.css
2024-11-29 12:24:08,657 - INFO - CSS loaded from src/css_pages/analyse_user.css
2024-11-29 12:24:08,657 - INFO - CSS loaded from src/css_pages/recipe.css
2024-11-29 12:24:10,528 - INFO - Date range set from 1999-01-01 00:00:00 to 2018-12-31 00:00:00
2024-11-29 12:24:34,527 - INFO - CSS loaded from src/css_pages/analyse_user.css
2024-11-29 12:24:34,529 - INFO - CSS loaded from src/css_pages/recipe.css
2024-11-29 12:24:34,529 - INFO - CSS loaded from src/css_pages/analyse_user.css
2024-11-29 12:24:34,530 - INFO - CSS loaded from src/css_pages/recipe.css
2024-11-29 12:24:36,833 - INFO - Date range set from 1999-01-01 00:00:00 to 2018-12-31 00:00:00
2024-11-29 12:25:36,011 - INFO - CSS loaded from src/css_pages/analyse_user.css
2024-11-29 12:25:36,013 - INFO - CSS loaded from src/css_pages/recipe.css
2024-11-29 12:25:36,013 - INFO - CSS loaded from src/css_pages/analyse_user.css
2024-11-29 12:25:36,015 - INFO - CSS loaded from src/css_pages/recipe.css
2024-11-29 12:25:38,341 - INFO - Date range set from 1999-01-01 00:00:00 to 2018-12-31 00:00:00
2024-11-29 12:26:03,464 - INFO - CSS loaded from src/css_pages/analyse_user.css
2024-11-29 12:26:03,465 - INFO - CSS loaded from src/css_pages/recipe.css
2024-11-29 12:26:03,465 - INFO - CSS loaded from src/css_pages/analyse_user.css
2024-11-29 12:26:03,466 - INFO - CSS loaded from src/css_pages/recipe.css
2024-11-29 12:26:05,592 - INFO - Date range set from 1999-01-01 00:00:00 to 2018-12-31 00:00:00
2024-11-29 12:26:18,193 - INFO - CSS loaded from src/css_pages/analyse_user.css
2024-11-29 12:26:18,193 - INFO - CSS loaded from src/css_pages/recipe.css
2024-11-29 12:26:18,194 - INFO - CSS loaded from src/css_pages/analyse_user.css
2024-11-29 12:26:18,195 - INFO - CSS loaded from src/css_pages/recipe.css
2024-11-29 12:26:20,269 - INFO - Date range set from 1999-01-01 00:00:00 to 2018-12-31 00:00:00
2024-11-29 12:28:29,989 - INFO - CSS loaded from src/css_pages/analyse_user.css
2024-11-29 12:28:29,990 - INFO - CSS loaded from src/css_pages/recipe.css
2024-11-29 12:28:29,990 - INFO - CSS loaded from src/css_pages/analyse_user.css
2024-11-29 12:28:29,991 - INFO - CSS loaded from src/css_pages/recipe.css
2024-11-29 12:28:32,142 - INFO - Date range set from 1999-01-01 00:00:00 to 2018-12-31 00:00:00
2024-11-29 12:29:09,130 - INFO - CSS loaded from src/css_pages/analyse_user.css
2024-11-29 12:29:09,132 - INFO - CSS loaded from src/css_pages/recipe.css
2024-11-29 12:29:09,132 - INFO - CSS loaded from src/css_pages/analyse_user.css
2024-11-29 12:29:09,132 - INFO - CSS loaded from src/css_pages/recipe.css
2024-11-29 12:29:11,166 - INFO - Date range set from 1999-01-01 00:00:00 to 2018-12-31 00:00:00
2024-11-29 12:29:51,236 - INFO - CSS loaded from src/css_pages/analyse_user.css
2024-11-29 12:29:51,237 - INFO - CSS loaded from src/css_pages/recipe.css
2024-11-29 12:29:51,237 - INFO - CSS loaded from src/css_pages/analyse_user.css
2024-11-29 12:29:51,238 - INFO - CSS loaded from src/css_pages/recipe.css
2024-11-29 12:29:53,260 - INFO - Date range set from 1999-01-01 00:00:00 to 2018-12-31 00:00:00
2024-11-29 12:33:32,164 - INFO - CSS loaded from src/css_pages/analyse_user.css
2024-11-29 12:33:32,165 - INFO - CSS loaded from src/css_pages/recipe.css
2024-11-29 12:33:32,165 - INFO - CSS loaded from src/css_pages/analyse_user.css
2024-11-29 12:33:32,165 - INFO - CSS loaded from src/css_pages/recipe.css
2024-11-29 12:33:34,131 - INFO - Date range set from 1999-01-01 00:00:00 to 2018-12-31 00:00:00
2024-11-29 12:33:55,918 - INFO - CSS loaded from src/css_pages/analyse_user.css
2024-11-29 12:33:55,919 - INFO - CSS loaded from src/css_pages/recipe.css
2024-11-29 12:33:55,920 - INFO - CSS loaded from src/css_pages/analyse_user.css
2024-11-29 12:33:55,920 - INFO - CSS loaded from src/css_pages/recipe.css
2024-11-29 12:33:57,868 - INFO - Date range set from 1999-01-01 00:00:00 to 2018-12-31 00:00:00
2024-11-29 12:38:49,421 - INFO - CSS loaded from src/css_pages/analyse_user.css
2024-11-29 12:38:49,454 - INFO - CSS loaded from src/css_pages/recipe.css
2024-11-29 12:38:49,455 - INFO - CSS loaded from src/css_pages/analyse_user.css
2024-11-29 12:38:49,455 - INFO - CSS loaded from src/css_pages/recipe.css
2024-11-29 12:38:52,302 - INFO - Date range set from 1999-01-01 00:00:00 to 2018-12-31 00:00:00
2024-11-29 12:39:30,017 - INFO - CSS loaded from src/css_pages/analyse_user.css
2024-11-29 12:39:30,018 - INFO - CSS loaded from src/css_pages/recipe.css
2024-11-29 12:39:30,019 - INFO - CSS loaded from src/css_pages/analyse_user.css
2024-11-29 12:39:30,019 - INFO - CSS loaded from src/css_pages/recipe.css
2024-11-29 12:39:32,200 - INFO - Date range set from 1999-01-01 00:00:00 to 2018-12-31 00:00:00
2024-11-29 12:40:28,233 - INFO - CSS loaded from src/css_pages/analyse_user.css
2024-11-29 12:40:28,234 - INFO - CSS loaded from src/css_pages/recipe.css
2024-11-29 12:40:28,234 - INFO - CSS loaded from src/css_pages/analyse_user.css
2024-11-29 12:40:28,235 - INFO - CSS loaded from src/css_pages/recipe.css
2024-11-29 12:40:30,455 - INFO - Date range set from 1999-01-01 00:00:00 to 2018-12-31 00:00:00
2024-11-29 12:41:24,536 - INFO - CSS loaded from src/css_pages/analyse_user.css
2024-11-29 12:41:24,537 - INFO - CSS loaded from src/css_pages/recipe.css
2024-11-29 12:41:24,537 - INFO - CSS loaded from src/css_pages/analyse_user.css
2024-11-29 12:41:24,537 - INFO - CSS loaded from src/css_pages/recipe.css
2024-11-29 12:41:26,702 - INFO - Date range set from 1999-01-01 00:00:00 to 2018-12-31 00:00:00
2024-11-29 13:01:11,601 - INFO - CSS loaded from src/css_pages/analyse_user.css
2024-11-29 13:01:11,602 - INFO - CSS loaded from src/css_pages/recipe.css
2024-11-29 13:01:11,603 - INFO - CSS loaded from src/css_pages/analyse_user.css
2024-11-29 13:01:11,603 - INFO - CSS loaded from src/css_pages/recipe.css
2024-11-29 13:01:13,516 - INFO - Date range set from 1999-01-01 00:00:00 to 2018-12-31 00:00:00
2024-11-29 13:34:40,234 - INFO - CSS loaded from src/css_pages/analyse_user.css
2024-11-29 13:34:40,236 - INFO - CSS loaded from src/css_pages/recipe.css
2024-11-29 13:34:40,237 - INFO - CSS loaded from src/css_pages/analyse_user.css
2024-11-29 13:34:40,238 - INFO - CSS loaded from src/css_pages/recipe.css
2024-11-29 13:34:41,977 - INFO - Date range set from 1999-01-01 00:00:00 to 2018-12-31 00:00:00
2024-11-29 13:38:03,244 - INFO - CSS loaded from src/css_pages/analyse_user.css
2024-11-29 13:38:03,247 - INFO - CSS loaded from src/css_pages/recipe.css
2024-11-29 13:38:03,248 - INFO - CSS loaded from src/css_pages/analyse_user.css
2024-11-29 13:38:03,248 - INFO - CSS loaded from src/css_pages/recipe.css
2024-11-29 13:38:05,080 - INFO - Date range set from 1999-01-01 00:00:00 to 2018-12-31 00:00:00
2024-11-29 13:39:42,118 - INFO - CSS loaded from src/css_pages/analyse_user.css
2024-11-29 13:39:42,126 - INFO - CSS loaded from src/css_pages/recipe.css
2024-11-29 13:39:42,126 - INFO - CSS loaded from src/css_pages/analyse_user.css
2024-11-29 13:39:42,127 - INFO - CSS loaded from src/css_pages/recipe.css
2024-11-29 13:39:43,959 - INFO - Date range set from 1999-01-01 00:00:00 to 2018-12-31 00:00:00
2024-11-29 14:31:00,781 - INFO - CSS loaded from src/css_pages/analyse_user.css
2024-11-29 14:31:00,782 - INFO - CSS loaded from src/css_pages/recipe.css
2024-11-29 14:31:00,783 - INFO - CSS loaded from src/css_pages/analyse_user.css
2024-11-29 14:31:00,783 - INFO - CSS loaded from src/css_pages/recipe.css
2024-11-29 14:31:02,502 - INFO - Date range set from 1999-01-01 00:00:00 to 2018-12-31 00:00:00
2024-11-29 14:35:17,978 - INFO - CSS loaded from src/css_pages/analyse_user.css
2024-11-29 14:35:17,980 - INFO - CSS loaded from src/css_pages/recipe.css
2024-11-29 14:35:17,980 - INFO - CSS loaded from src/css_pages/analyse_user.css
2024-11-29 14:35:17,981 - INFO - CSS loaded from src/css_pages/recipe.css
2024-11-29 14:35:19,766 - INFO - Date range set from 1999-01-01 00:00:00 to 2018-12-31 00:00:00
2024-11-29 14:35:48,030 - INFO - CSS loaded from src/css_pages/analyse_user.css
2024-11-29 14:35:48,031 - INFO - CSS loaded from src/css_pages/recipe.css
2024-11-29 14:35:48,031 - INFO - CSS loaded from src/css_pages/analyse_user.css
2024-11-29 14:35:48,032 - INFO - CSS loaded from src/css_pages/recipe.css
2024-11-29 14:35:49,916 - INFO - Date range set from 1999-01-01 00:00:00 to 2018-12-31 00:00:00
2024-11-29 14:38:03,998 - INFO - CSS loaded from src/css_pages/analyse_user.css
2024-11-29 14:38:04,000 - INFO - CSS loaded from src/css_pages/recipe.css
2024-11-29 14:38:04,000 - INFO - CSS loaded from src/css_pages/analyse_user.css
2024-11-29 14:38:04,001 - INFO - CSS loaded from src/css_pages/recipe.css
2024-11-29 14:38:05,723 - INFO - Date range set from 1999-01-01 00:00:00 to 2018-12-31 00:00:00
2024-11-29 14:40:40,426 - INFO - CSS loaded from src/css_pages/analyse_user.css
2024-11-29 14:40:40,426 - INFO - CSS loaded from src/css_pages/recipe.css
2024-11-29 14:40:40,427 - INFO - CSS loaded from src/css_pages/analyse_user.css
2024-11-29 14:40:40,427 - INFO - CSS loaded from src/css_pages/recipe.css
2024-11-29 14:40:42,149 - INFO - Date range set from 1999-01-01 00:00:00 to 2018-12-31 00:00:00
2024-11-29 14:40:45,194 - ERROR - Error in display_tab: [Errno 2] No such file or directory: 'tabs_styles.css'
2024-11-29 14:41:52,999 - INFO - CSS loaded from src/css_pages/analyse_user.css
2024-11-29 14:41:53,000 - INFO - CSS loaded from src/css_pages/recipe.css
2024-11-29 14:41:53,001 - INFO - CSS loaded from src/css_pages/analyse_user.css
2024-11-29 14:41:53,001 - INFO - CSS loaded from src/css_pages/recipe.css
2024-11-29 14:41:54,708 - INFO - Date range set from 1999-01-01 00:00:00 to 2018-12-31 00:00:00
2024-11-29 14:43:10,620 - INFO - CSS loaded from src/css_pages/analyse_user.css
2024-11-29 14:43:10,621 - INFO - CSS loaded from src/css_pages/recipe.css
2024-11-29 14:43:10,621 - INFO - CSS loaded from src/css_pages/analyse_user.css
2024-11-29 14:43:10,621 - INFO - CSS loaded from src/css_pages/recipe.css
2024-11-29 14:43:12,351 - INFO - Date range set from 1999-01-01 00:00:00 to 2018-12-31 00:00:00
2024-11-29 14:43:35,930 - INFO - CSS loaded from src/css_pages/analyse_user.css
2024-11-29 14:43:35,931 - INFO - CSS loaded from src/css_pages/recipe.css
2024-11-29 14:43:35,931 - INFO - CSS loaded from src/css_pages/analyse_user.css
2024-11-29 14:43:35,932 - INFO - CSS loaded from src/css_pages/recipe.css
2024-11-29 14:43:37,666 - INFO - Date range set from 1999-01-01 00:00:00 to 2018-12-31 00:00:00
2024-11-29 14:43:59,283 - INFO - CSS loaded from src/css_pages/analyse_user.css
2024-11-29 14:43:59,284 - INFO - CSS loaded from src/css_pages/recipe.css
2024-11-29 14:43:59,285 - INFO - CSS loaded from src/css_pages/analyse_user.css
2024-11-29 14:43:59,285 - INFO - CSS loaded from src/css_pages/recipe.css
2024-11-29 14:44:01,010 - INFO - Date range set from 1999-01-01 00:00:00 to 2018-12-31 00:00:00
2024-11-29 14:44:27,269 - INFO - CSS loaded from src/css_pages/analyse_user.css
2024-11-29 14:44:27,270 - INFO - CSS loaded from src/css_pages/recipe.css
2024-11-29 14:44:27,271 - INFO - CSS loaded from src/css_pages/analyse_user.css
2024-11-29 14:44:27,271 - INFO - CSS loaded from src/css_pages/recipe.css
2024-11-29 14:44:29,642 - INFO - Date range set from 1999-01-01 00:00:00 to 2018-12-31 00:00:00
2024-11-29 14:45:07,560 - INFO - CSS loaded from src/css_pages/analyse_user.css
2024-11-29 14:45:07,561 - INFO - CSS loaded from src/css_pages/recipe.css
2024-11-29 14:45:07,561 - INFO - CSS loaded from src/css_pages/analyse_user.css
2024-11-29 14:45:07,562 - INFO - CSS loaded from src/css_pages/recipe.css
2024-11-29 14:45:09,852 - INFO - Date range set from 1999-01-01 00:00:00 to 2018-12-31 00:00:00
2024-11-29 14:48:15,076 - INFO - CSS loaded from src/css_pages/analyse_user.css
2024-11-29 14:48:15,077 - INFO - CSS loaded from src/css_pages/recipe.css
2024-11-29 14:48:15,077 - INFO - CSS loaded from src/css_pages/analyse_user.css
2024-11-29 14:48:15,078 - INFO - CSS loaded from src/css_pages/recipe.css
2024-11-29 14:48:17,388 - INFO - Date range set from 1999-01-01 00:00:00 to 2018-12-31 00:00:00
2024-11-29 14:55:17,651 - INFO - CSS loaded from src/css_pages/analyse_user.css
2024-11-29 14:55:17,652 - INFO - CSS loaded from src/css_pages/recipe.css
2024-11-29 14:55:17,652 - INFO - CSS loaded from src/css_pages/analyse_user.css
2024-11-29 14:55:17,653 - INFO - CSS loaded from src/css_pages/recipe.css
2024-11-29 14:55:19,366 - INFO - Date range set from 1999-01-01 00:00:00 to 2018-12-31 00:00:00
2024-11-29 14:55:22,405 - ERROR - Error in display_tab: [Errno 2] No such file or directory: 'tabs_styles.css'
2024-11-29 14:55:47,749 - INFO - CSS loaded from src/css_pages/analyse_user.css
2024-11-29 14:55:47,750 - INFO - CSS loaded from src/css_pages/recipe.css
2024-11-29 14:55:47,750 - INFO - CSS loaded from src/css_pages/analyse_user.css
2024-11-29 14:55:47,751 - INFO - CSS loaded from src/css_pages/recipe.css
2024-11-29 14:55:49,469 - INFO - Date range set from 1999-01-01 00:00:00 to 2018-12-31 00:00:00
2024-11-29 14:56:12,646 - INFO - CSS loaded from src/css_pages/analyse_user.css
2024-11-29 14:56:12,647 - INFO - CSS loaded from src/css_pages/recipe.css
2024-11-29 14:56:12,648 - INFO - CSS loaded from src/css_pages/analyse_user.css
2024-11-29 14:56:12,648 - INFO - CSS loaded from src/css_pages/recipe.css
2024-11-29 14:56:14,374 - INFO - Date range set from 1999-01-01 00:00:00 to 2018-12-31 00:00:00
2024-11-29 14:57:44,037 - INFO - CSS loaded from src/css_pages/analyse_user.css
2024-11-29 14:57:44,038 - INFO - CSS loaded from src/css_pages/recipe.css
2024-11-29 14:57:44,038 - INFO - CSS loaded from src/css_pages/analyse_user.css
2024-11-29 14:57:44,039 - INFO - CSS loaded from src/css_pages/recipe.css
2024-11-29 14:57:45,757 - INFO - Date range set from 1999-01-01 00:00:00 to 2018-12-31 00:00:00
2024-11-29 14:59:16,698 - INFO - CSS loaded from src/css_pages/analyse_user.css
2024-11-29 14:59:16,700 - INFO - CSS loaded from src/css_pages/recipe.css
2024-11-29 14:59:16,701 - INFO - CSS loaded from src/css_pages/analyse_user.css
2024-11-29 14:59:16,701 - INFO - CSS loaded from src/css_pages/recipe.css
2024-11-29 14:59:18,421 - INFO - Date range set from 1999-01-01 00:00:00 to 2018-12-31 00:00:00
2024-11-29 14:59:57,380 - INFO - CSS loaded from src/css_pages/analyse_user.css
2024-11-29 14:59:57,381 - INFO - CSS loaded from src/css_pages/recipe.css
2024-11-29 14:59:57,382 - INFO - CSS loaded from src/css_pages/analyse_user.css
2024-11-29 14:59:57,382 - INFO - CSS loaded from src/css_pages/recipe.css
2024-11-29 14:59:59,102 - INFO - Date range set from 1999-01-01 00:00:00 to 2018-12-31 00:00:00
2024-11-29 15:00:40,231 - INFO - CSS loaded from src/css_pages/analyse_user.css
2024-11-29 15:00:40,232 - INFO - CSS loaded from src/css_pages/recipe.css
2024-11-29 15:00:40,232 - INFO - CSS loaded from src/css_pages/analyse_user.css
2024-11-29 15:00:40,233 - INFO - CSS loaded from src/css_pages/recipe.css
2024-11-29 15:00:41,945 - INFO - Date range set from 1999-01-01 00:00:00 to 2018-12-31 00:00:00
2024-11-29 15:03:17,667 - INFO - CSS loaded from src/css_pages/analyse_user.css
2024-11-29 15:03:17,668 - INFO - CSS loaded from src/css_pages/recipe.css
2024-11-29 15:03:17,668 - INFO - CSS loaded from src/css_pages/analyse_user.css
2024-11-29 15:03:17,668 - INFO - CSS loaded from src/css_pages/recipe.css
2024-11-29 15:03:19,406 - INFO - Date range set from 1999-01-01 00:00:00 to 2018-12-31 00:00:00
2024-11-29 15:03:44,713 - INFO - CSS loaded from src/css_pages/analyse_user.css
2024-11-29 15:03:44,714 - INFO - CSS loaded from src/css_pages/recipe.css
2024-11-29 15:03:44,714 - INFO - CSS loaded from src/css_pages/analyse_user.css
2024-11-29 15:03:44,715 - INFO - CSS loaded from src/css_pages/recipe.css
2024-11-29 15:03:46,438 - INFO - Date range set from 1999-01-01 00:00:00 to 2018-12-31 00:00:00
2024-11-29 15:04:16,018 - INFO - CSS loaded from src/css_pages/analyse_user.css
2024-11-29 15:04:16,019 - INFO - CSS loaded from src/css_pages/recipe.css
2024-11-29 15:04:16,020 - INFO - CSS loaded from src/css_pages/analyse_user.css
2024-11-29 15:04:16,020 - INFO - CSS loaded from src/css_pages/recipe.css
2024-11-29 15:04:17,953 - INFO - Date range set from 1999-01-01 00:00:00 to 2018-12-31 00:00:00
2024-11-29 15:05:37,330 - INFO - CSS loaded from src/css_pages/analyse_user.css
2024-11-29 15:05:37,331 - INFO - CSS loaded from src/css_pages/recipe.css
2024-11-29 15:05:37,331 - INFO - CSS loaded from src/css_pages/analyse_user.css
2024-11-29 15:05:37,332 - INFO - CSS loaded from src/css_pages/recipe.css
2024-11-29 15:05:39,788 - INFO - Date range set from 1999-01-01 00:00:00 to 2018-12-31 00:00:00
2024-11-29 15:06:05,270 - INFO - CSS loaded from src/css_pages/analyse_user.css
2024-11-29 15:06:05,271 - INFO - CSS loaded from src/css_pages/recipe.css
2024-11-29 15:06:05,272 - INFO - CSS loaded from src/css_pages/analyse_user.css
2024-11-29 15:06:05,273 - INFO - CSS loaded from src/css_pages/recipe.css
2024-11-29 15:06:07,768 - INFO - Date range set from 1999-01-01 00:00:00 to 2018-12-31 00:00:00
2024-11-29 15:06:25,274 - INFO - CSS loaded from src/css_pages/analyse_user.css
2024-11-29 15:06:25,275 - INFO - CSS loaded from src/css_pages/recipe.css
2024-11-29 15:06:25,275 - INFO - CSS loaded from src/css_pages/analyse_user.css
2024-11-29 15:06:25,276 - INFO - CSS loaded from src/css_pages/recipe.css
2024-11-29 15:06:27,744 - INFO - Date range set from 1999-01-01 00:00:00 to 2018-12-31 00:00:00
2024-11-29 15:07:25,678 - INFO - CSS loaded from src/css_pages/analyse_user.css
2024-11-29 15:07:25,679 - INFO - CSS loaded from src/css_pages/recipe.css
2024-11-29 15:07:25,679 - INFO - CSS loaded from src/css_pages/analyse_user.css
2024-11-29 15:07:25,680 - INFO - CSS loaded from src/css_pages/recipe.css
2024-11-29 15:07:28,172 - INFO - Date range set from 1999-01-01 00:00:00 to 2018-12-31 00:00:00
2024-11-29 15:10:20,595 - INFO - CSS loaded from src/css_pages/analyse_user.css
2024-11-29 15:10:20,595 - INFO - CSS loaded from src/css_pages/recipe.css
2024-11-29 15:10:20,596 - INFO - CSS loaded from src/css_pages/analyse_user.css
2024-11-29 15:10:20,596 - INFO - CSS loaded from src/css_pages/recipe.css
2024-11-29 15:10:23,146 - INFO - Date range set from 1999-01-01 00:00:00 to 2018-12-31 00:00:00
2024-11-29 15:11:02,666 - INFO - CSS loaded from src/css_pages/analyse_user.css
2024-11-29 15:11:02,667 - INFO - CSS loaded from src/css_pages/recipe.css
2024-11-29 15:11:02,668 - INFO - CSS loaded from src/css_pages/analyse_user.css
2024-11-29 15:11:02,668 - INFO - CSS loaded from src/css_pages/recipe.css
2024-11-29 15:11:05,180 - INFO - Date range set from 1999-01-01 00:00:00 to 2018-12-31 00:00:00
2024-11-29 15:11:30,870 - INFO - CSS loaded from src/css_pages/analyse_user.css
2024-11-29 15:11:30,870 - INFO - CSS loaded from src/css_pages/recipe.css
2024-11-29 15:11:30,871 - INFO - CSS loaded from src/css_pages/analyse_user.css
2024-11-29 15:11:30,871 - INFO - CSS loaded from src/css_pages/recipe.css
2024-11-29 15:11:33,522 - INFO - Date range set from 1999-01-01 00:00:00 to 2018-12-31 00:00:00
2024-11-29 15:11:54,574 - INFO - CSS loaded from src/css_pages/analyse_user.css
2024-11-29 15:11:54,575 - INFO - CSS loaded from src/css_pages/recipe.css
2024-11-29 15:11:54,575 - INFO - CSS loaded from src/css_pages/analyse_user.css
2024-11-29 15:11:54,575 - INFO - CSS loaded from src/css_pages/recipe.css
2024-11-29 15:11:57,072 - INFO - Date range set from 1999-01-01 00:00:00 to 2018-12-31 00:00:00
2024-11-29 17:09:12,998 - INFO - CSS loaded from src/css_pages/analyse_user.css
2024-11-29 17:09:13,000 - INFO - CSS loaded from src/css_pages/recipe.css
2024-11-29 17:09:13,000 - INFO - CSS loaded from src/css_pages/analyse_user.css
2024-11-29 17:09:13,001 - INFO - CSS loaded from src/css_pages/recipe.css
2024-11-29 17:09:14,741 - INFO - Date range set from 1999-01-01 00:00:00 to 2018-12-31 00:00:00
2024-11-29 17:09:45,575 - INFO - CSS loaded from src/css_pages/analyse_user.css
2024-11-29 17:09:45,576 - INFO - CSS loaded from src/css_pages/recipe.css
2024-11-29 17:09:45,577 - INFO - CSS loaded from src/css_pages/analyse_user.css
2024-11-29 17:09:45,577 - INFO - CSS loaded from src/css_pages/recipe.css
2024-11-29 17:09:47,385 - INFO - Date range set from 1999-01-01 00:00:00 to 2018-12-31 00:00:00
2024-11-29 17:10:08,028 - INFO - CSS loaded from src/css_pages/analyse_user.css
2024-11-29 17:10:08,029 - INFO - CSS loaded from src/css_pages/recipe.css
2024-11-29 17:10:08,029 - INFO - CSS loaded from src/css_pages/analyse_user.css
2024-11-29 17:10:08,030 - INFO - CSS loaded from src/css_pages/recipe.css
2024-11-29 17:10:09,747 - INFO - Date range set from 1999-01-01 00:00:00 to 2018-12-31 00:00:00
2024-11-29 17:10:27,405 - INFO - CSS loaded from src/css_pages/analyse_user.css
2024-11-29 17:10:27,406 - INFO - CSS loaded from src/css_pages/recipe.css
2024-11-29 17:10:27,406 - INFO - CSS loaded from src/css_pages/analyse_user.css
2024-11-29 17:10:27,407 - INFO - CSS loaded from src/css_pages/recipe.css
2024-11-29 17:10:29,259 - INFO - Date range set from 1999-01-01 00:00:00 to 2018-12-31 00:00:00
2024-11-29 17:10:50,628 - INFO - CSS loaded from src/css_pages/analyse_user.css
2024-11-29 17:10:50,629 - INFO - CSS loaded from src/css_pages/recipe.css
2024-11-29 17:10:50,629 - INFO - CSS loaded from src/css_pages/analyse_user.css
2024-11-29 17:10:50,629 - INFO - CSS loaded from src/css_pages/recipe.css
2024-11-29 17:10:52,987 - INFO - Date range set from 1999-01-01 00:00:00 to 2018-12-31 00:00:00
2024-11-29 17:11:06,115 - INFO - CSS loaded from src/css_pages/analyse_user.css
2024-11-29 17:11:06,115 - INFO - CSS loaded from src/css_pages/recipe.css
2024-11-29 17:11:06,116 - INFO - CSS loaded from src/css_pages/analyse_user.css
2024-11-29 17:11:06,117 - INFO - CSS loaded from src/css_pages/recipe.css
2024-11-29 17:11:08,312 - INFO - Date range set from 1999-01-01 00:00:00 to 2018-12-31 00:00:00
2024-11-29 17:11:19,698 - INFO - CSS loaded from src/css_pages/analyse_user.css
2024-11-29 17:11:19,699 - INFO - CSS loaded from src/css_pages/recipe.css
2024-11-29 17:11:19,700 - INFO - CSS loaded from src/css_pages/analyse_user.css
2024-11-29 17:11:19,700 - INFO - CSS loaded from src/css_pages/recipe.css
2024-11-29 17:11:21,828 - INFO - Date range set from 1999-01-01 00:00:00 to 2018-12-31 00:00:00
2024-11-29 17:11:30,025 - INFO - CSS loaded from src/css_pages/analyse_user.css
2024-11-29 17:11:30,026 - INFO - CSS loaded from src/css_pages/recipe.css
2024-11-29 17:11:30,026 - INFO - CSS loaded from src/css_pages/analyse_user.css
2024-11-29 17:11:30,027 - INFO - CSS loaded from src/css_pages/recipe.css
2024-11-29 17:11:32,111 - INFO - Date range set from 1999-01-01 00:00:00 to 2018-12-31 00:00:00
2024-11-29 17:11:41,341 - INFO - CSS loaded from src/css_pages/analyse_user.css
2024-11-29 17:11:41,342 - INFO - CSS loaded from src/css_pages/recipe.css
2024-11-29 17:11:41,342 - INFO - CSS loaded from src/css_pages/analyse_user.css
2024-11-29 17:11:41,343 - INFO - CSS loaded from src/css_pages/recipe.css
2024-11-29 17:11:43,424 - INFO - Date range set from 1999-01-01 00:00:00 to 2018-12-31 00:00:00
2024-11-29 17:22:07,789 - INFO - CSS loaded from src/css_pages/analyse_user.css
2024-11-29 17:22:07,790 - INFO - CSS loaded from src/css_pages/recipe.css
2024-11-29 17:22:07,790 - INFO - CSS loaded from src/css_pages/analyse_user.css
2024-11-29 17:22:07,791 - INFO - CSS loaded from src/css_pages/recipe.css
2024-11-29 17:22:09,638 - INFO - Date range set from 1999-01-01 00:00:00 to 2018-12-31 00:00:00
2024-11-29 17:28:52,182 - INFO - CSS loaded from src/css_pages/analyse_user.css
2024-11-29 17:28:52,183 - INFO - CSS loaded from src/css_pages/recipe.css
2024-11-29 17:28:52,183 - INFO - CSS loaded from src/css_pages/analyse_user.css
2024-11-29 17:28:52,184 - INFO - CSS loaded from src/css_pages/recipe.css
2024-11-29 17:28:53,954 - INFO - Date range set from 1999-01-01 00:00:00 to 2018-12-31 00:00:00
2024-11-29 17:29:57,429 - INFO - CSS loaded from src/css_pages/analyse_user.css
2024-11-29 17:29:57,429 - INFO - CSS loaded from src/css_pages/recipe.css
2024-11-29 17:29:57,429 - INFO - CSS loaded from src/css_pages/analyse_user.css
2024-11-29 17:29:57,430 - INFO - CSS loaded from src/css_pages/recipe.css
2024-11-29 17:29:59,200 - INFO - Date range set from 1999-01-01 00:00:00 to 2018-12-31 00:00:00
2024-11-29 17:30:18,414 - INFO - CSS loaded from src/css_pages/analyse_user.css
2024-11-29 17:30:18,415 - INFO - CSS loaded from src/css_pages/recipe.css
2024-11-29 17:30:18,416 - INFO - CSS loaded from src/css_pages/analyse_user.css
2024-11-29 17:30:18,416 - INFO - CSS loaded from src/css_pages/recipe.css
2024-11-29 17:30:20,154 - INFO - Date range set from 1999-01-01 00:00:00 to 2018-12-31 00:00:00
2024-11-29 17:30:30,842 - INFO - CSS loaded from src/css_pages/analyse_user.css
2024-11-29 17:30:30,843 - INFO - CSS loaded from src/css_pages/recipe.css
2024-11-29 17:30:30,843 - INFO - CSS loaded from src/css_pages/analyse_user.css
2024-11-29 17:30:30,844 - INFO - CSS loaded from src/css_pages/recipe.css
2024-11-29 17:30:32,595 - INFO - Date range set from 1999-01-01 00:00:00 to 2018-12-31 00:00:00
2024-11-29 17:31:01,662 - INFO - CSS loaded from src/css_pages/analyse_user.css
2024-11-29 17:31:01,663 - INFO - CSS loaded from src/css_pages/recipe.css
2024-11-29 17:31:01,663 - INFO - CSS loaded from src/css_pages/analyse_user.css
2024-11-29 17:31:01,664 - INFO - CSS loaded from src/css_pages/recipe.css
2024-11-29 17:31:03,395 - INFO - Date range set from 1999-01-01 00:00:00 to 2018-12-31 00:00:00
2024-11-29 17:32:31,806 - INFO - CSS loaded from src/css_pages/analyse_user.css
2024-11-29 17:32:31,807 - INFO - CSS loaded from src/css_pages/recipe.css
2024-11-29 17:32:31,810 - INFO - CSS loaded from src/css_pages/analyse_user.css
2024-11-29 17:32:31,810 - INFO - CSS loaded from src/css_pages/recipe.css
2024-11-29 17:32:33,571 - INFO - Date range set from 1999-01-01 00:00:00 to 2018-12-31 00:00:00
2024-11-29 17:33:24,467 - INFO - CSS loaded from src/css_pages/analyse_user.css
2024-11-29 17:33:24,469 - INFO - CSS loaded from src/css_pages/recipe.css
2024-11-29 17:33:24,469 - INFO - CSS loaded from src/css_pages/analyse_user.css
2024-11-29 17:33:24,470 - INFO - CSS loaded from src/css_pages/recipe.css
2024-11-29 17:33:26,229 - INFO - Date range set from 1999-01-01 00:00:00 to 2018-12-31 00:00:00
2024-11-29 17:34:20,552 - INFO - CSS loaded from src/css_pages/analyse_user.css
2024-11-29 17:34:20,553 - INFO - CSS loaded from src/css_pages/recipe.css
2024-11-29 17:34:20,554 - INFO - CSS loaded from src/css_pages/analyse_user.css
2024-11-29 17:34:20,554 - INFO - CSS loaded from src/css_pages/recipe.css
2024-11-29 17:34:22,386 - INFO - Date range set from 1999-01-01 00:00:00 to 2018-12-31 00:00:00
2024-11-29 17:34:50,264 - INFO - CSS loaded from src/css_pages/analyse_user.css
2024-11-29 17:34:50,265 - INFO - CSS loaded from src/css_pages/recipe.css
2024-11-29 17:34:50,265 - INFO - CSS loaded from src/css_pages/analyse_user.css
2024-11-29 17:34:50,266 - INFO - CSS loaded from src/css_pages/recipe.css
2024-11-29 17:34:50,267 - ERROR - Error in sidebar: tuple index out of range
2024-11-29 17:34:55,850 - INFO - CSS loaded from src/css_pages/analyse_user.css
2024-11-29 17:34:55,851 - INFO - CSS loaded from src/css_pages/recipe.css
2024-11-29 17:34:55,852 - INFO - CSS loaded from src/css_pages/analyse_user.css
2024-11-29 17:34:55,852 - INFO - CSS loaded from src/css_pages/recipe.css
2024-11-29 17:34:55,871 - ERROR - Error detecting dataframe anomalies: division by zero
2024-11-29 17:34:55,871 - ERROR - Error detecting dataframe anomalies: division by zero
2024-11-29 17:34:55,871 - ERROR - Failed to set date range: division by zero
2024-11-29 17:35:09,612 - ERROR - Error detecting dataframe anomalies: division by zero
2024-11-29 17:35:09,612 - ERROR - Error detecting dataframe anomalies: division by zero
2024-11-29 17:35:09,612 - ERROR - Error in main: division by zero
2024-11-29 17:35:24,566 - ERROR - Error detecting dataframe anomalies: division by zero
2024-11-29 17:35:24,566 - ERROR - Error detecting dataframe anomalies: division by zero
2024-11-29 17:35:24,566 - ERROR - Error in main: division by zero
2024-11-29 17:35:43,263 - INFO - CSS loaded from src/css_pages/analyse_user.css
2024-11-29 17:35:43,264 - INFO - CSS loaded from src/css_pages/recipe.css
2024-11-29 17:35:43,264 - INFO - CSS loaded from src/css_pages/analyse_user.css
2024-11-29 17:35:43,266 - INFO - CSS loaded from src/css_pages/recipe.css
2024-11-29 17:35:45,072 - INFO - Date range set from 1999-01-01 00:00:00 to 2018-12-31 00:00:00
2024-11-29 17:35:50,119 - INFO - CSS loaded from src/css_pages/analyse_user.css
2024-11-29 17:35:50,120 - INFO - CSS loaded from src/css_pages/recipe.css
2024-11-29 17:35:50,120 - INFO - CSS loaded from src/css_pages/analyse_user.css
2024-11-29 17:35:50,121 - INFO - CSS loaded from src/css_pages/recipe.css
2024-11-29 17:35:50,121 - ERROR - Error in sidebar: tuple index out of range
2024-11-29 17:35:54,397 - INFO - CSS loaded from src/css_pages/analyse_user.css
2024-11-29 17:35:54,398 - INFO - CSS loaded from src/css_pages/recipe.css
2024-11-29 17:35:54,398 - INFO - CSS loaded from src/css_pages/analyse_user.css
2024-11-29 17:35:54,399 - INFO - CSS loaded from src/css_pages/recipe.css
2024-11-29 17:35:54,421 - ERROR - Error detecting dataframe anomalies: division by zero
2024-11-29 17:35:54,421 - ERROR - Error detecting dataframe anomalies: division by zero
2024-11-29 17:35:54,421 - ERROR - Failed to set date range: division by zero
2024-11-29 17:35:58,015 - ERROR - Error detecting dataframe anomalies: division by zero
2024-11-29 17:35:58,015 - ERROR - Error detecting dataframe anomalies: division by zero
2024-11-29 17:35:58,015 - ERROR - Error in main: division by zero
2024-11-29 17:37:01,196 - INFO - CSS loaded from src/css_pages/analyse_user.css
2024-11-29 17:37:01,197 - INFO - CSS loaded from src/css_pages/recipe.css
2024-11-29 17:37:01,197 - INFO - CSS loaded from src/css_pages/analyse_user.css
2024-11-29 17:37:01,198 - INFO - CSS loaded from src/css_pages/recipe.css
2024-11-29 17:37:02,989 - INFO - Date range set from 1999-01-01 00:00:00 to 2018-12-31 00:00:00
2024-11-29 17:37:13,656 - INFO - CSS loaded from src/css_pages/analyse_user.css
2024-11-29 17:37:13,656 - INFO - CSS loaded from src/css_pages/recipe.css
2024-11-29 17:37:13,657 - INFO - CSS loaded from src/css_pages/analyse_user.css
2024-11-29 17:37:13,657 - INFO - CSS loaded from src/css_pages/recipe.css
2024-11-29 17:37:15,481 - INFO - Date range set from 1999-01-01 00:00:00 to 2018-12-02 00:00:00
2024-11-29 17:37:23,961 - INFO - CSS loaded from src/css_pages/analyse_user.css
2024-11-29 17:37:23,962 - INFO - CSS loaded from src/css_pages/recipe.css
2024-11-29 17:37:23,962 - INFO - CSS loaded from src/css_pages/analyse_user.css
2024-11-29 17:37:23,963 - INFO - CSS loaded from src/css_pages/recipe.css
2024-11-29 17:37:25,803 - INFO - Date range set from 1999-01-01 00:00:00 to 2018-12-02 00:00:00
2024-11-29 17:37:38,420 - INFO - CSS loaded from src/css_pages/analyse_user.css
2024-11-29 17:37:38,422 - INFO - CSS loaded from src/css_pages/recipe.css
2024-11-29 17:37:38,422 - INFO - CSS loaded from src/css_pages/analyse_user.css
2024-11-29 17:37:38,423 - INFO - CSS loaded from src/css_pages/recipe.css
2024-11-29 17:37:38,447 - ERROR - Error detecting dataframe anomalies: division by zero
2024-11-29 17:37:38,447 - ERROR - Error detecting dataframe anomalies: division by zero
2024-11-29 17:37:38,447 - ERROR - Failed to set date range: division by zero
2024-11-29 17:51:59,428 - INFO - CSS loaded from src/css_pages/analyse_user.css
2024-11-29 17:51:59,429 - INFO - CSS loaded from src/css_pages/recipe.css
2024-11-29 17:51:59,430 - INFO - CSS loaded from src/css_pages/analyse_user.css
2024-11-29 17:51:59,430 - INFO - CSS loaded from src/css_pages/recipe.css
2024-11-29 17:51:59,431 - ERROR - Error in sidebar: can't compare datetime.datetime to datetime.date
2024-11-29 17:52:05,535 - INFO - CSS loaded from src/css_pages/analyse_user.css
2024-11-29 17:52:05,536 - INFO - CSS loaded from src/css_pages/recipe.css
2024-11-29 17:52:05,537 - INFO - CSS loaded from src/css_pages/analyse_user.css
2024-11-29 17:52:05,537 - INFO - CSS loaded from src/css_pages/recipe.css
2024-11-29 17:52:05,538 - ERROR - Error in sidebar: can't compare datetime.datetime to datetime.date
2024-11-29 17:55:46,392 - INFO - CSS loaded from src/css_pages/analyse_user.css
2024-11-29 17:55:46,394 - INFO - CSS loaded from src/css_pages/recipe.css
2024-11-29 17:55:46,394 - INFO - CSS loaded from src/css_pages/analyse_user.css
2024-11-29 17:55:46,395 - INFO - CSS loaded from src/css_pages/recipe.css
2024-11-29 17:55:48,226 - INFO - Date range set from 1999-01-01 00:00:00 to 2018-01-01 00:00:00
2024-11-29 17:56:22,077 - INFO - CSS loaded from src/css_pages/analyse_user.css
2024-11-29 17:56:22,078 - INFO - CSS loaded from src/css_pages/recipe.css
2024-11-29 17:56:22,078 - INFO - CSS loaded from src/css_pages/analyse_user.css
2024-11-29 17:56:22,079 - INFO - CSS loaded from src/css_pages/recipe.css
2024-11-29 17:56:22,098 - ERROR - Error detecting dataframe anomalies: division by zero
2024-11-29 17:56:22,098 - ERROR - Error detecting dataframe anomalies: division by zero
2024-11-29 17:56:22,098 - ERROR - Failed to set date range: division by zero
2024-11-29 18:04:16,438 - INFO - CSS loaded from src/css_pages/analyse_user.css
2024-11-29 18:04:16,439 - INFO - CSS loaded from src/css_pages/recipe.css
2024-11-29 18:04:16,439 - INFO - CSS loaded from src/css_pages/analyse_user.css
2024-11-29 18:04:16,440 - INFO - CSS loaded from src/css_pages/recipe.css
2024-11-29 18:04:18,382 - INFO - Date range set from 1999-01-01 00:00:00 to 2018-01-01 00:00:00
2024-11-29 18:04:28,242 - INFO - CSS loaded from src/css_pages/analyse_user.css
2024-11-29 18:04:28,243 - INFO - CSS loaded from src/css_pages/recipe.css
2024-11-29 18:04:28,244 - INFO - CSS loaded from src/css_pages/analyse_user.css
2024-11-29 18:04:28,244 - INFO - CSS loaded from src/css_pages/recipe.css
2024-11-29 18:04:28,245 - ERROR - Error in sidebar: tuple index out of range
2024-11-29 18:04:34,464 - INFO - CSS loaded from src/css_pages/analyse_user.css
2024-11-29 18:04:34,465 - INFO - CSS loaded from src/css_pages/recipe.css
2024-11-29 18:04:34,466 - INFO - CSS loaded from src/css_pages/analyse_user.css
2024-11-29 18:04:34,466 - INFO - CSS loaded from src/css_pages/recipe.css
2024-11-29 18:04:34,489 - ERROR - Error detecting dataframe anomalies: division by zero
2024-11-29 18:04:34,489 - ERROR - Error detecting dataframe anomalies: division by zero
2024-11-29 18:04:34,489 - ERROR - Failed to set date range: division by zero
2024-11-29 18:04:52,648 - ERROR - Error detecting dataframe anomalies: division by zero
2024-11-29 18:04:52,648 - ERROR - Error detecting dataframe anomalies: division by zero
2024-11-29 18:04:52,648 - ERROR - Error in main: division by zero
2024-11-29 18:06:30,528 - INFO - CSS loaded from src/css_pages/analyse_user.css
2024-11-29 18:06:30,529 - INFO - CSS loaded from src/css_pages/recipe.css
2024-11-29 18:06:30,529 - INFO - CSS loaded from src/css_pages/analyse_user.css
2024-11-29 18:06:30,530 - INFO - CSS loaded from src/css_pages/recipe.css
2024-11-29 18:06:30,531 - ERROR - Error in sidebar: The default `value` of [datetime.date(1999, 1, 1), datetime.date(2018, 12, 31)] must lie between the `min_value` of 1999-01-01 and the `max_value` of 2018-01-01, inclusively.
2024-11-29 18:07:22,537 - INFO - CSS loaded from src/css_pages/analyse_user.css
2024-11-29 18:07:22,538 - INFO - CSS loaded from src/css_pages/recipe.css
2024-11-29 18:07:22,539 - INFO - CSS loaded from src/css_pages/analyse_user.css
2024-11-29 18:07:22,539 - INFO - CSS loaded from src/css_pages/recipe.css
2024-11-29 18:07:24,382 - INFO - Date range set from 1999-01-01 00:00:00 to 2018-01-01 00:00:00
2024-11-29 18:07:37,695 - INFO - CSS loaded from src/css_pages/analyse_user.css
2024-11-29 18:07:37,695 - INFO - CSS loaded from src/css_pages/recipe.css
2024-11-29 18:07:37,696 - INFO - CSS loaded from src/css_pages/analyse_user.css
2024-11-29 18:07:37,696 - INFO - CSS loaded from src/css_pages/recipe.css
2024-11-29 18:07:37,697 - ERROR - Error in sidebar: tuple index out of range
2024-11-29 18:07:45,699 - INFO - CSS loaded from src/css_pages/analyse_user.css
2024-11-29 18:07:45,700 - INFO - CSS loaded from src/css_pages/recipe.css
2024-11-29 18:07:45,701 - INFO - CSS loaded from src/css_pages/analyse_user.css
2024-11-29 18:07:45,701 - INFO - CSS loaded from src/css_pages/recipe.css
2024-11-29 18:07:45,747 - INFO - Date range set from 2003-08-16 00:00:00 to 2003-10-17 00:00:00
2024-11-29 18:08:08,599 - INFO - CSS loaded from src/css_pages/analyse_user.css
2024-11-29 18:08:08,600 - INFO - CSS loaded from src/css_pages/recipe.css
2024-11-29 18:08:08,600 - INFO - CSS loaded from src/css_pages/analyse_user.css
2024-11-29 18:08:08,601 - INFO - CSS loaded from src/css_pages/recipe.css
2024-11-29 18:08:08,602 - ERROR - Error in sidebar: tuple index out of range
2024-11-29 18:08:15,639 - INFO - CSS loaded from src/css_pages/analyse_user.css
2024-11-29 18:08:15,641 - INFO - CSS loaded from src/css_pages/recipe.css
2024-11-29 18:08:15,642 - INFO - CSS loaded from src/css_pages/analyse_user.css
2024-11-29 18:08:15,643 - INFO - CSS loaded from src/css_pages/recipe.css
2024-11-29 18:08:15,677 - INFO - Date range set from 2003-08-22 00:00:00 to 2014-01-17 00:00:00
2024-11-29 18:08:25,481 - INFO - CSS loaded from src/css_pages/analyse_user.css
2024-11-29 18:08:25,482 - INFO - CSS loaded from src/css_pages/recipe.css
2024-11-29 18:08:25,483 - INFO - CSS loaded from src/css_pages/analyse_user.css
2024-11-29 18:08:25,483 - INFO - CSS loaded from src/css_pages/recipe.css
2024-11-29 18:08:25,484 - ERROR - Error in sidebar: tuple index out of range
2024-11-29 18:08:27,966 - INFO - CSS loaded from src/css_pages/analyse_user.css
2024-11-29 18:08:27,967 - INFO - CSS loaded from src/css_pages/recipe.css
2024-11-29 18:08:27,968 - INFO - CSS loaded from src/css_pages/analyse_user.css
2024-11-29 18:08:27,968 - INFO - CSS loaded from src/css_pages/recipe.css
2024-11-29 18:08:27,974 - ERROR - Error detecting dataframe anomalies: division by zero
2024-11-29 18:08:27,974 - ERROR - Error detecting dataframe anomalies: division by zero
2024-11-29 18:08:27,974 - ERROR - Failed to set date range: division by zero
2024-11-29 18:08:41,559 - ERROR - Error detecting dataframe anomalies: division by zero
2024-11-29 18:08:41,559 - ERROR - Error detecting dataframe anomalies: division by zero
2024-11-29 18:08:41,559 - ERROR - Error in main: division by zero
2024-11-29 18:09:18,292 - INFO - CSS loaded from src/css_pages/analyse_user.css
2024-11-29 18:09:18,293 - INFO - CSS loaded from src/css_pages/recipe.css
2024-11-29 18:09:18,294 - INFO - CSS loaded from src/css_pages/analyse_user.css
2024-11-29 18:09:18,294 - INFO - CSS loaded from src/css_pages/recipe.css
2024-11-29 18:09:20,160 - INFO - Date range set from 1999-01-01 00:00:00 to 2018-01-01 00:00:00
2024-11-29 18:09:43,370 - INFO - CSS loaded from src/css_pages/analyse_user.css
2024-11-29 18:09:43,371 - INFO - CSS loaded from src/css_pages/recipe.css
2024-11-29 18:09:43,371 - INFO - CSS loaded from src/css_pages/analyse_user.css
2024-11-29 18:09:43,372 - INFO - CSS loaded from src/css_pages/recipe.css
2024-11-29 18:09:43,373 - ERROR - Error in sidebar: tuple index out of range
2024-11-29 18:09:50,452 - INFO - CSS loaded from src/css_pages/analyse_user.css
2024-11-29 18:09:50,453 - INFO - CSS loaded from src/css_pages/recipe.css
2024-11-29 18:09:50,454 - INFO - CSS loaded from src/css_pages/analyse_user.css
2024-11-29 18:09:50,455 - INFO - CSS loaded from src/css_pages/recipe.css
2024-11-29 18:09:51,319 - INFO - Date range set from 2008-01-12 00:00:00 to 2017-01-14 00:00:00
2024-11-29 18:11:38,857 - INFO - CSS loaded from src/css_pages/analyse_user.css
2024-11-29 18:11:38,859 - INFO - CSS loaded from src/css_pages/recipe.css
2024-11-29 18:11:38,859 - INFO - CSS loaded from src/css_pages/analyse_user.css
2024-11-29 18:11:38,860 - INFO - CSS loaded from src/css_pages/recipe.css
2024-11-29 18:11:40,712 - INFO - Date range set from 1999-01-01 00:00:00 to 2018-01-01 00:00:00
2024-11-29 18:11:53,974 - INFO - CSS loaded from src/css_pages/analyse_user.css
2024-11-29 18:11:53,975 - INFO - CSS loaded from src/css_pages/recipe.css
2024-11-29 18:11:53,976 - INFO - CSS loaded from src/css_pages/analyse_user.css
2024-11-29 18:11:53,976 - INFO - CSS loaded from src/css_pages/recipe.css
2024-11-29 18:11:53,996 - ERROR - Error detecting dataframe anomalies: division by zero
2024-11-29 18:11:53,996 - ERROR - Error detecting dataframe anomalies: division by zero
2024-11-29 18:11:53,996 - ERROR - Failed to set date range: division by zero
2024-11-29 18:12:01,837 - ERROR - Error detecting dataframe anomalies: division by zero
2024-11-29 18:12:01,837 - ERROR - Error detecting dataframe anomalies: division by zero
2024-11-29 18:12:01,837 - ERROR - Error in main: division by zero
2024-11-29 18:12:41,674 - INFO - CSS loaded from src/css_pages/analyse_user.css
2024-11-29 18:12:41,675 - INFO - CSS loaded from src/css_pages/recipe.css
2024-11-29 18:12:41,675 - INFO - CSS loaded from src/css_pages/analyse_user.css
2024-11-29 18:12:41,676 - INFO - CSS loaded from src/css_pages/recipe.css
2024-11-29 18:12:43,522 - INFO - Date range set from 1999-01-01 00:00:00 to 2018-01-01 00:00:00
2024-11-29 18:15:29,203 - INFO - CSS loaded from src/css_pages/analyse_user.css
2024-11-29 18:15:29,204 - INFO - CSS loaded from src/css_pages/recipe.css
2024-11-29 18:15:29,205 - INFO - CSS loaded from src/css_pages/analyse_user.css
2024-11-29 18:15:29,205 - INFO - CSS loaded from src/css_pages/recipe.css
2024-11-29 18:15:29,206 - ERROR - Error in sidebar: tuple index out of range
2024-11-29 18:15:37,129 - INFO - CSS loaded from src/css_pages/analyse_user.css
2024-11-29 18:15:37,130 - INFO - CSS loaded from src/css_pages/recipe.css
2024-11-29 18:15:37,130 - INFO - CSS loaded from src/css_pages/analyse_user.css
2024-11-29 18:15:37,130 - INFO - CSS loaded from src/css_pages/recipe.css
2024-11-29 18:15:37,320 - INFO - Date range set from 2011-01-11 00:00:00 to 2017-01-20 00:00:00
2024-11-29 18:15:50,628 - INFO - CSS loaded from src/css_pages/analyse_user.css
2024-11-29 18:15:50,629 - INFO - CSS loaded from src/css_pages/recipe.css
2024-11-29 18:15:50,630 - INFO - CSS loaded from src/css_pages/analyse_user.css
2024-11-29 18:15:50,630 - INFO - CSS loaded from src/css_pages/recipe.css
2024-11-29 18:15:50,631 - ERROR - Error in sidebar: tuple index out of range
2024-11-29 18:16:00,943 - INFO - CSS loaded from src/css_pages/analyse_user.css
2024-11-29 18:16:00,943 - INFO - CSS loaded from src/css_pages/recipe.css
2024-11-29 18:16:00,944 - INFO - CSS loaded from src/css_pages/analyse_user.css
2024-11-29 18:16:00,944 - INFO - CSS loaded from src/css_pages/recipe.css
2024-11-29 18:16:01,105 - INFO - Date range set from 2010-01-14 00:00:00 to 2016-05-13 00:00:00
2024-11-29 18:16:12,208 - INFO - CSS loaded from src/css_pages/analyse_user.css
2024-11-29 18:16:12,209 - INFO - CSS loaded from src/css_pages/recipe.css
2024-11-29 18:16:12,210 - INFO - CSS loaded from src/css_pages/analyse_user.css
2024-11-29 18:16:12,210 - INFO - CSS loaded from src/css_pages/recipe.css
2024-11-29 18:16:12,210 - ERROR - Error in sidebar: tuple index out of range
2024-11-29 18:16:21,447 - INFO - CSS loaded from src/css_pages/analyse_user.css
2024-11-29 18:16:21,447 - INFO - CSS loaded from src/css_pages/recipe.css
2024-11-29 18:16:21,448 - INFO - CSS loaded from src/css_pages/analyse_user.css
2024-11-29 18:16:21,448 - INFO - CSS loaded from src/css_pages/recipe.css
2024-11-29 18:16:21,620 - INFO - Date range set from 2010-01-22 00:00:00 to 2015-02-13 00:00:00
2024-11-29 18:16:31,899 - INFO - CSS loaded from src/css_pages/analyse_user.css
2024-11-29 18:16:31,899 - INFO - CSS loaded from src/css_pages/recipe.css
2024-11-29 18:16:31,900 - INFO - CSS loaded from src/css_pages/analyse_user.css
2024-11-29 18:16:31,900 - INFO - CSS loaded from src/css_pages/recipe.css
2024-11-29 18:16:31,901 - ERROR - Error in sidebar: tuple index out of range
2024-11-29 18:16:38,014 - INFO - CSS loaded from src/css_pages/analyse_user.css
2024-11-29 18:16:38,014 - INFO - CSS loaded from src/css_pages/recipe.css
2024-11-29 18:16:38,015 - INFO - CSS loaded from src/css_pages/analyse_user.css
2024-11-29 18:16:38,016 - INFO - CSS loaded from src/css_pages/recipe.css
2024-11-29 18:16:38,171 - INFO - Date range set from 2010-01-15 00:00:00 to 2018-01-19 00:00:00
2024-11-29 18:16:52,971 - INFO - CSS loaded from src/css_pages/analyse_user.css
2024-11-29 18:16:52,972 - INFO - CSS loaded from src/css_pages/recipe.css
2024-11-29 18:16:52,973 - INFO - CSS loaded from src/css_pages/analyse_user.css
2024-11-29 18:16:52,974 - INFO - CSS loaded from src/css_pages/recipe.css
2024-11-29 18:16:52,974 - ERROR - Error in sidebar: tuple index out of range
2024-11-29 18:17:05,362 - INFO - CSS loaded from src/css_pages/analyse_user.css
2024-11-29 18:17:05,362 - INFO - CSS loaded from src/css_pages/recipe.css
2024-11-29 18:17:05,362 - INFO - CSS loaded from src/css_pages/analyse_user.css
2024-11-29 18:17:05,363 - INFO - CSS loaded from src/css_pages/recipe.css
2024-11-29 18:17:05,371 - ERROR - Error detecting dataframe anomalies: division by zero
2024-11-29 18:17:05,371 - ERROR - Error detecting dataframe anomalies: division by zero
2024-11-29 18:17:05,371 - ERROR - Failed to set date range: division by zero
2024-11-29 21:15:51,183 - INFO - CSS loaded from src/css_pages/analyse_user.css
2024-11-29 21:15:51,184 - INFO - CSS loaded from src/css_pages/recipe.css
2024-11-29 21:15:51,184 - INFO - CSS loaded from src/css_pages/analyse_user.css
2024-11-29 21:15:51,185 - INFO - CSS loaded from src/css_pages/recipe.css
2024-11-29 21:15:53,081 - INFO - Date range set from 1999-01-01 00:00:00 to 2018-01-01 00:00:00
2024-11-30 00:02:14,773 - INFO - CSS loaded from src/css_pages/analyse_user.css
2024-11-30 00:02:14,775 - INFO - CSS loaded from src/css_pages/recipe.css
2024-11-30 00:02:14,776 - INFO - CSS loaded from src/css_pages/analyse_user.css
2024-11-30 00:02:14,776 - INFO - CSS loaded from src/css_pages/recipe.css
2024-11-30 00:02:16,646 - INFO - Date range set from 1999-01-01 00:00:00 to 2018-01-01 00:00:00
2024-11-30 00:03:18,068 - INFO - CSS loaded from src/css_pages/analyse_user.css
2024-11-30 00:03:18,069 - INFO - CSS loaded from src/css_pages/recipe.css
2024-11-30 00:03:18,070 - INFO - CSS loaded from src/css_pages/analyse_user.css
2024-11-30 00:03:18,070 - INFO - CSS loaded from src/css_pages/recipe.css
2024-11-30 00:03:19,856 - INFO - Date range set from 1999-01-01 00:00:00 to 2018-01-01 00:00:00
2024-11-30 00:30:28,910 - INFO - CSS loaded from src/css_pages/analyse_user.css
2024-11-30 00:30:28,912 - INFO - CSS loaded from src/css_pages/recipe.css
2024-11-30 00:30:28,912 - INFO - CSS loaded from src/css_pages/analyse_user.css
2024-11-30 00:30:28,912 - INFO - CSS loaded from src/css_pages/recipe.css
2024-11-30 00:30:30,764 - INFO - Date range set from 1999-01-01 00:00:00 to 2018-01-01 00:00:00
2024-11-30 03:29:36,089 - ERROR - Error initializing session state: Recipe.initialize_session_state() missing 1 required positional argument: 'end_date'
2024-11-30 03:29:36,091 - ERROR - Error in main: Recipe.initialize_session_state() missing 1 required positional argument: 'end_date'
2024-11-30 03:31:18,492 - INFO - CSS loaded from src/css_pages/analyse_user.css
2024-11-30 03:31:18,493 - INFO - CSS loaded from src/css_pages/recipe.css
2024-11-30 03:31:18,494 - INFO - CSS loaded from src/css_pages/analyse_user.css
2024-11-30 03:31:18,494 - INFO - CSS loaded from src/css_pages/recipe.css
2024-11-30 03:32:10,391 - INFO - Date range set from 1999-01-01 00:00:00 to 2018-01-01 00:00:00
2024-11-30 03:36:02,684 - INFO - CSS loaded from src/css_pages/analyse_user.css
2024-11-30 03:36:02,685 - INFO - CSS loaded from src/css_pages/recipe.css
2024-11-30 03:36:02,685 - INFO - CSS loaded from src/css_pages/analyse_user.css
2024-11-30 03:36:02,686 - INFO - CSS loaded from src/css_pages/recipe.css
2024-11-30 03:37:10,905 - INFO - Date range set from 1999-01-01 00:00:00 to 2018-01-01 00:00:00
2024-11-30 03:45:52,935 - INFO - CSS loaded from src/css_pages/analyse_user.css
2024-11-30 03:45:52,936 - INFO - CSS loaded from src/css_pages/recipe.css
2024-11-30 03:45:52,936 - INFO - CSS loaded from src/css_pages/analyse_user.css
2024-11-30 03:45:52,937 - INFO - CSS loaded from src/css_pages/recipe.css
2024-11-30 03:46:50,511 - INFO - Date range set from 1999-01-01 to 2018-12-31
2024-11-30 03:48:24,525 - INFO - CSS loaded from src/css_pages/analyse_user.css
2024-11-30 03:48:24,525 - INFO - CSS loaded from src/css_pages/recipe.css
2024-11-30 03:48:24,526 - INFO - CSS loaded from src/css_pages/analyse_user.css
2024-11-30 03:48:24,526 - INFO - CSS loaded from src/css_pages/recipe.css
2024-11-30 03:49:05,169 - INFO - Date range set from 2001-01-12 to 2008-01-12
2024-11-30 03:50:56,631 - INFO - CSS loaded from src/css_pages/analyse_user.css
2024-11-30 03:50:56,632 - INFO - CSS loaded from src/css_pages/recipe.css
2024-11-30 03:50:56,632 - INFO - CSS loaded from src/css_pages/analyse_user.css
2024-11-30 03:50:56,633 - INFO - CSS loaded from src/css_pages/recipe.css
2024-11-30 03:51:31,086 - INFO - Date range set from 2001-01-12 to 2008-01-12
2024-11-30 03:56:40,422 - INFO - CSS loaded from src/css_pages/analyse_user.css
2024-11-30 03:56:40,423 - INFO - CSS loaded from src/css_pages/recipe.css
2024-11-30 03:56:40,423 - INFO - CSS loaded from src/css_pages/analyse_user.css
2024-11-30 03:56:40,424 - INFO - CSS loaded from src/css_pages/recipe.css
2024-11-30 03:58:06,508 - INFO - CSS loaded from src/css_pages/analyse_user.css
2024-11-30 03:58:06,509 - INFO - CSS loaded from src/css_pages/recipe.css
2024-11-30 03:58:06,509 - INFO - CSS loaded from src/css_pages/analyse_user.css
2024-11-30 03:58:06,509 - INFO - CSS loaded from src/css_pages/recipe.css
2024-11-30 04:00:00,912 - INFO - CSS loaded from src/css_pages/analyse_user.css
2024-11-30 04:00:00,913 - INFO - CSS loaded from src/css_pages/recipe.css
2024-11-30 04:00:00,914 - INFO - CSS loaded from src/css_pages/analyse_user.css
2024-11-30 04:00:00,914 - INFO - CSS loaded from src/css_pages/recipe.css
2024-11-30 04:11:41,349 - INFO - CSS loaded from src/css_pages/analyse_user.css
2024-11-30 04:11:41,350 - INFO - CSS loaded from src/css_pages/recipe.css
2024-11-30 04:11:41,351 - INFO - CSS loaded from src/css_pages/analyse_user.css
2024-11-30 04:11:41,351 - INFO - CSS loaded from src/css_pages/recipe.css
2024-11-30 04:11:56,069 - INFO - CSS loaded from src/css_pages/analyse_user.css
2024-11-30 04:11:56,069 - INFO - CSS loaded from src/css_pages/recipe.css
2024-11-30 04:11:56,070 - INFO - CSS loaded from src/css_pages/analyse_user.css
2024-11-30 04:11:56,070 - INFO - CSS loaded from src/css_pages/recipe.css
2024-11-30 04:12:32,394 - INFO - CSS loaded from src/css_pages/analyse_user.css
2024-11-30 04:12:32,394 - INFO - CSS loaded from src/css_pages/recipe.css
2024-11-30 04:12:32,395 - INFO - CSS loaded from src/css_pages/analyse_user.css
2024-11-30 04:12:32,395 - INFO - CSS loaded from src/css_pages/recipe.css
2024-11-30 04:12:39,555 - INFO - CSS loaded from src/css_pages/analyse_user.css
2024-11-30 04:12:39,556 - INFO - CSS loaded from src/css_pages/recipe.css
2024-11-30 04:12:39,556 - INFO - CSS loaded from src/css_pages/analyse_user.css
2024-11-30 04:12:39,557 - INFO - CSS loaded from src/css_pages/recipe.css
2024-11-30 04:13:08,534 - INFO - Date range set from 1999-01-13 to 2005-01-07
2024-11-30 04:14:26,558 - INFO - CSS loaded from src/css_pages/analyse_user.css
2024-11-30 04:14:26,559 - INFO - CSS loaded from src/css_pages/recipe.css
2024-11-30 04:14:26,560 - INFO - CSS loaded from src/css_pages/analyse_user.css
2024-11-30 04:14:26,561 - INFO - CSS loaded from src/css_pages/recipe.css
2024-11-30 04:14:48,867 - INFO - Date range set from 1999-01-13 to 2005-01-07
2024-11-30 04:18:16,668 - INFO - CSS loaded from src/css_pages/analyse_user.css
2024-11-30 04:18:16,669 - INFO - CSS loaded from src/css_pages/recipe.css
2024-11-30 04:18:16,669 - INFO - CSS loaded from src/css_pages/analyse_user.css
2024-11-30 04:18:16,670 - INFO - CSS loaded from src/css_pages/recipe.css
2024-11-30 04:18:36,254 - INFO - CSS loaded from src/css_pages/analyse_user.css
2024-11-30 04:18:36,255 - INFO - CSS loaded from src/css_pages/recipe.css
2024-11-30 04:18:36,255 - INFO - CSS loaded from src/css_pages/analyse_user.css
2024-11-30 04:18:36,256 - INFO - CSS loaded from src/css_pages/recipe.css
2024-11-30 04:18:47,348 - INFO - CSS loaded from src/css_pages/analyse_user.css
2024-11-30 04:18:47,349 - INFO - CSS loaded from src/css_pages/recipe.css
2024-11-30 04:18:47,349 - INFO - CSS loaded from src/css_pages/analyse_user.css
2024-11-30 04:18:47,350 - INFO - CSS loaded from src/css_pages/recipe.css
2024-11-30 04:18:57,918 - INFO - CSS loaded from src/css_pages/analyse_user.css
2024-11-30 04:18:57,920 - INFO - CSS loaded from src/css_pages/recipe.css
2024-11-30 04:18:57,920 - INFO - CSS loaded from src/css_pages/analyse_user.css
2024-11-30 04:18:57,921 - INFO - CSS loaded from src/css_pages/recipe.css
2024-11-30 04:19:11,619 - INFO - Date range set from 2003-01-24 to 2006-01-21
2024-11-30 04:20:24,109 - INFO - CSS loaded from src/css_pages/analyse_user.css
2024-11-30 04:20:24,109 - INFO - CSS loaded from src/css_pages/recipe.css
2024-11-30 04:20:24,110 - INFO - CSS loaded from src/css_pages/analyse_user.css
2024-11-30 04:20:24,110 - INFO - CSS loaded from src/css_pages/recipe.css
2024-11-30 04:24:04,582 - INFO - CSS loaded from src/css_pages/analyse_user.css
2024-11-30 04:24:04,582 - INFO - CSS loaded from src/css_pages/recipe.css
2024-11-30 04:24:04,583 - INFO - CSS loaded from src/css_pages/analyse_user.css
2024-11-30 04:24:04,583 - INFO - CSS loaded from src/css_pages/recipe.css
2024-11-30 04:24:39,408 - INFO - CSS loaded from src/css_pages/analyse_user.css
2024-11-30 04:24:39,408 - INFO - CSS loaded from src/css_pages/recipe.css
2024-11-30 04:24:39,409 - INFO - CSS loaded from src/css_pages/analyse_user.css
2024-11-30 04:24:39,409 - INFO - CSS loaded from src/css_pages/recipe.css
2024-11-30 04:24:53,891 - INFO - CSS loaded from src/css_pages/analyse_user.css
2024-11-30 04:24:53,891 - INFO - CSS loaded from src/css_pages/recipe.css
2024-11-30 04:24:53,892 - INFO - CSS loaded from src/css_pages/analyse_user.css
2024-11-30 04:24:53,892 - INFO - CSS loaded from src/css_pages/recipe.css
2024-11-30 04:25:08,552 - INFO - CSS loaded from src/css_pages/analyse_user.css
2024-11-30 04:25:08,553 - INFO - CSS loaded from src/css_pages/recipe.css
2024-11-30 04:25:08,553 - INFO - CSS loaded from src/css_pages/analyse_user.css
2024-11-30 04:25:08,554 - INFO - CSS loaded from src/css_pages/recipe.css
2024-11-30 04:25:32,149 - INFO - Date range set from 2003-01-24 to 2006-01-13
2024-11-30 04:26:38,768 - INFO - CSS loaded from src/css_pages/analyse_user.css
2024-11-30 04:26:38,769 - INFO - CSS loaded from src/css_pages/recipe.css
2024-11-30 04:26:38,770 - INFO - CSS loaded from src/css_pages/analyse_user.css
2024-11-30 04:26:38,770 - INFO - CSS loaded from src/css_pages/recipe.css
2024-11-30 04:27:02,172 - INFO - CSS loaded from src/css_pages/analyse_user.css
2024-11-30 04:27:02,172 - INFO - CSS loaded from src/css_pages/recipe.css
2024-11-30 04:27:02,173 - INFO - CSS loaded from src/css_pages/analyse_user.css
2024-11-30 04:27:02,174 - INFO - CSS loaded from src/css_pages/recipe.css
2024-11-30 04:27:06,439 - ERROR - Error analyzing nutrition: eval() arg 1 must be a string, bytes or code object
2024-11-30 04:27:06,439 - ERROR - Failed to analyze nutrition: eval() arg 1 must be a string, bytes or code object
2024-11-30 04:27:06,471 - ERROR - Error in display_nutrition_analysis: 'NoneType' object has no attribute 'keys'
2024-11-30 04:27:39,334 - INFO - CSS loaded from src/css_pages/analyse_user.css
2024-11-30 04:27:39,335 - INFO - CSS loaded from src/css_pages/recipe.css
2024-11-30 04:27:39,336 - INFO - CSS loaded from src/css_pages/analyse_user.css
2024-11-30 04:27:39,336 - INFO - CSS loaded from src/css_pages/recipe.css
2024-11-30 04:27:43,454 - ERROR - Error analyzing tags: eval() arg 1 must be a string, bytes or code object
2024-11-30 04:27:43,455 - ERROR - Failed to analyze tags: eval() arg 1 must be a string, bytes or code object
2024-11-30 04:27:43,455 - ERROR - Error in display_tags_analysis: 'NoneType' object is not subscriptable
2024-11-30 04:27:56,670 - INFO - CSS loaded from src/css_pages/analyse_user.css
2024-11-30 04:27:56,671 - INFO - CSS loaded from src/css_pages/recipe.css
2024-11-30 04:27:56,672 - INFO - CSS loaded from src/css_pages/analyse_user.css
2024-11-30 04:27:56,672 - INFO - CSS loaded from src/css_pages/recipe.css
2024-11-30 04:28:19,642 - INFO - CSS loaded from src/css_pages/analyse_user.css
2024-11-30 04:28:19,642 - INFO - CSS loaded from src/css_pages/recipe.css
2024-11-30 04:28:19,643 - INFO - CSS loaded from src/css_pages/analyse_user.css
2024-11-30 04:28:19,643 - INFO - CSS loaded from src/css_pages/recipe.css
2024-11-30 04:28:47,392 - INFO - CSS loaded from src/css_pages/analyse_user.css
2024-11-30 04:28:47,393 - INFO - CSS loaded from src/css_pages/recipe.css
2024-11-30 04:28:47,394 - INFO - CSS loaded from src/css_pages/analyse_user.css
2024-11-30 04:28:47,394 - INFO - CSS loaded from src/css_pages/recipe.css
2024-11-30 04:29:10,712 - INFO - CSS loaded from src/css_pages/analyse_user.css
2024-11-30 04:29:10,713 - INFO - CSS loaded from src/css_pages/recipe.css
2024-11-30 04:29:10,713 - INFO - CSS loaded from src/css_pages/analyse_user.css
2024-11-30 04:29:10,713 - INFO - CSS loaded from src/css_pages/recipe.css
2024-11-30 04:29:17,732 - INFO - CSS loaded from src/css_pages/analyse_user.css
2024-11-30 04:29:17,732 - INFO - CSS loaded from src/css_pages/recipe.css
2024-11-30 04:29:17,733 - INFO - CSS loaded from src/css_pages/analyse_user.css
2024-11-30 04:29:17,734 - INFO - CSS loaded from src/css_pages/recipe.css
2024-11-30 04:29:26,316 - INFO - CSS loaded from src/css_pages/analyse_user.css
2024-11-30 04:29:26,316 - INFO - CSS loaded from src/css_pages/recipe.css
2024-11-30 04:29:26,317 - INFO - CSS loaded from src/css_pages/analyse_user.css
2024-11-30 04:29:26,318 - INFO - CSS loaded from src/css_pages/recipe.css
2024-11-30 04:29:35,228 - INFO - CSS loaded from src/css_pages/analyse_user.css
2024-11-30 04:29:35,229 - INFO - CSS loaded from src/css_pages/recipe.css
2024-11-30 04:29:35,230 - INFO - CSS loaded from src/css_pages/analyse_user.css
2024-11-30 04:29:35,230 - INFO - CSS loaded from src/css_pages/recipe.css
2024-11-30 04:30:20,825 - INFO - Date range set from 2000-01-01 to 2017-01-13
2024-11-30 04:31:31,330 - INFO - CSS loaded from src/css_pages/analyse_user.css
2024-11-30 04:31:31,331 - INFO - CSS loaded from src/css_pages/recipe.css
2024-11-30 04:31:31,331 - INFO - CSS loaded from src/css_pages/analyse_user.css
2024-11-30 04:31:31,332 - INFO - CSS loaded from src/css_pages/recipe.css
